<?xml version="1.0" encoding="UTF-8"?>
<!-- Generated by org.testng.reporters.JUnitReportReporter -->
<testsuite hostname="DESKTOP-HPUN62I" name="javapkg.TimesStampDemo" tests="1" failures="0" timestamp="1 Jun 2024 14:56:02 GMT" time="0.212" errors="0">
  <testcase name="TestCase1" time="0.212" classname="javapkg.TimesStampDemo"/>
</testsuite> <!-- javapkg.TimesStampDemo -->
