<?xml version="1.0" encoding="UTF-8"?>
<!-- Generated by org.testng.reporters.JUnitReportReporter -->
<testsuite hostname="DESKTOP-HPUN62I" name="javapkg.ScreenShotDemo2" tests="1" failures="0" timestamp="24 Aug 2024 01:49:43 GMT" time="23.521" errors="0">
  <testcase name="screenshotdemo2" time="23.521" classname="javapkg.ScreenShotDemo2"/>
</testsuite> <!-- javapkg.ScreenShotDemo2 -->
