<?xml version="1.0" encoding="UTF-8"?>
<!-- Generated by org.testng.reporters.JUnitReportReporter -->
<testsuite hostname="DESKTOP-HPUN62I" name="javapkg.Screenshot" tests="1" failures="0" timestamp="11 Jun 2024 01:54:32 GMT" time="7.719" errors="0">
  <testcase name="ScreenShotCase" time="7.719" classname="javapkg.Screenshot"/>
</testsuite> <!-- javapkg.Screenshot -->
